  [1m[35m (0.2ms)[0m  [1m[34mSELECT sqlite_version(*)[0m
  [1m[35m (102.9ms)[0m  [1m[35mCREATE TABLE "schema_migrations" ("version" varchar NOT NULL PRIMARY KEY)[0m
  [1m[35m (110.3ms)[0m  [1m[35mCREATE TABLE "ar_internal_metadata" ("key" varchar NOT NULL PRIMARY KEY, "value" varchar, "created_at" datetime NOT NULL, "updated_at" datetime NOT NULL)[0m
  [1m[35m (0.4ms)[0m  [1m[34mSELECT "schema_migrations"."version" FROM "schema_migrations" ORDER BY "schema_migrations"."version" ASC[0m
Migrating to CreateEstudios (20171105203325)
  [1m[35m (0.2ms)[0m  [1m[36mbegin transaction[0m
  [1m[35m (2.5ms)[0m  [1m[35mCREATE TABLE "estudios" ("id" INTEGER PRIMARY KEY AUTOINCREMENT NOT NULL, "nome" varchar, "nome_dono" varchar, "data_fundacao" date, "faturamento" float, "created_at" datetime NOT NULL, "updated_at" datetime NOT NULL)[0m
  [1m[35mSQL (2.5ms)[0m  [1m[32mINSERT INTO "schema_migrations" ("version") VALUES (?)[0m  [["version", "20171105203325"]]
  [1m[35m (106.0ms)[0m  [1m[36mcommit transaction[0m
  [1m[36mActiveRecord::InternalMetadata Load (0.4ms)[0m  [1m[34mSELECT  "ar_internal_metadata".* FROM "ar_internal_metadata" WHERE "ar_internal_metadata"."key" = ? LIMIT ?[0m  [["key", "environment"], ["LIMIT", 1]]
  [1m[35m (0.2ms)[0m  [1m[36mbegin transaction[0m
  [1m[35mSQL (0.5ms)[0m  [1m[32mINSERT INTO "ar_internal_metadata" ("key", "value", "created_at", "updated_at") VALUES (?, ?, ?, ?)[0m  [["key", "environment"], ["value", "development"], ["created_at", "2017-11-05 20:36:19.072705"], ["updated_at", "2017-11-05 20:36:19.072705"]]
  [1m[35m (71.8ms)[0m  [1m[36mcommit transaction[0m
  [1m[35m (0.4ms)[0m  [1m[34mSELECT "schema_migrations"."version" FROM "schema_migrations" ORDER BY "schema_migrations"."version" ASC[0m
  [1m[35m (0.3ms)[0m  [1m[34mSELECT "schema_migrations"."version" FROM "schema_migrations" ORDER BY "schema_migrations"."version" ASC[0m
Migrating to CreateFilmes (20171105203812)
  [1m[35m (0.1ms)[0m  [1m[36mbegin transaction[0m
  [1m[35m (0.1ms)[0m  [1m[31mrollback transaction[0m
  [1m[35m (0.3ms)[0m  [1m[34mSELECT "schema_migrations"."version" FROM "schema_migrations" ORDER BY "schema_migrations"."version" ASC[0m
Migrating to CreatePersonagems (20171105203907)
  [1m[35m (0.1ms)[0m  [1m[36mbegin transaction[0m
  [1m[35m (0.2ms)[0m  [1m[34mSELECT sqlite_version(*)[0m
  [1m[35m (2.9ms)[0m  [1m[35mCREATE TABLE "personagems" ("id" INTEGER PRIMARY KEY AUTOINCREMENT NOT NULL, "nome" varchar, "nome_filme" varchar, "nome_ator" varchar, "cache_ator" float, "created_at" datetime NOT NULL, "updated_at" datetime NOT NULL)[0m
  [1m[35mSQL (0.3ms)[0m  [1m[32mINSERT INTO "schema_migrations" ("version") VALUES (?)[0m  [["version", "20171105203907"]]
  [1m[35m (88.5ms)[0m  [1m[36mcommit transaction[0m
Migrating to CreateAtors (20171105204016)
  [1m[35m (0.1ms)[0m  [1m[36mbegin transaction[0m
  [1m[35m (0.2ms)[0m  [1m[31mrollback transaction[0m
  [1m[35m (0.3ms)[0m  [1m[34mSELECT "schema_migrations"."version" FROM "schema_migrations" ORDER BY "schema_migrations"."version" ASC[0m
Migrating to CreatePapels (20171105204036)
  [1m[35m (0.1ms)[0m  [1m[36mbegin transaction[0m
  [1m[35m (0.2ms)[0m  [1m[34mSELECT sqlite_version(*)[0m
  [1m[35m (2.6ms)[0m  [1m[35mCREATE TABLE "papels" ("id" INTEGER PRIMARY KEY AUTOINCREMENT NOT NULL, "descricao" text, "created_at" datetime NOT NULL, "updated_at" datetime NOT NULL)[0m
  [1m[35mSQL (0.4ms)[0m  [1m[32mINSERT INTO "schema_migrations" ("version") VALUES (?)[0m  [["version", "20171105204036"]]
  [1m[35m (113.7ms)[0m  [1m[36mcommit transaction[0m
Migrating to CreateFilmes (20171105204156)
  [1m[35m (0.1ms)[0m  [1m[36mbegin transaction[0m
  [1m[35m (0.9ms)[0m  [1m[35mCREATE TABLE "filmes" ("id" INTEGER PRIMARY KEY AUTOINCREMENT NOT NULL, "nome" varchar, "meses_producao" integer, "copyright" varchar, "diretor" varchar, "custo_total" float, "ano_lancamento" integer, "created_at" datetime NOT NULL, "updated_at" datetime NOT NULL)[0m
  [1m[35mSQL (0.5ms)[0m  [1m[32mINSERT INTO "schema_migrations" ("version") VALUES (?)[0m  [["version", "20171105204156"]]
  [1m[35m (117.8ms)[0m  [1m[36mcommit transaction[0m
Migrating to CreateAtors (20171105204243)
  [1m[35m (0.2ms)[0m  [1m[36mbegin transaction[0m
  [1m[35m (1.1ms)[0m  [1m[35mCREATE TABLE "ators" ("id" INTEGER PRIMARY KEY AUTOINCREMENT NOT NULL, "nome" varchar, "nome_artistico" varchar, "seguro_social" integer, "nacionalidade" varchar, "idade" varchar, "created_at" datetime NOT NULL, "updated_at" datetime NOT NULL)[0m
  [1m[35mSQL (0.4ms)[0m  [1m[32mINSERT INTO "schema_migrations" ("version") VALUES (?)[0m  [["version", "20171105204243"]]
  [1m[35m (85.5ms)[0m  [1m[36mcommit transaction[0m
  [1m[36mActiveRecord::InternalMetadata Load (0.7ms)[0m  [1m[34mSELECT  "ar_internal_metadata".* FROM "ar_internal_metadata" WHERE "ar_internal_metadata"."key" = ? LIMIT ?[0m  [["key", "environment"], ["LIMIT", 1]]
  [1m[35m (0.1ms)[0m  [1m[36mbegin transaction[0m
  [1m[35m (0.1ms)[0m  [1m[36mcommit transaction[0m
  [1m[35m (0.2ms)[0m  [1m[34mSELECT "schema_migrations"."version" FROM "schema_migrations" ORDER BY "schema_migrations"."version" ASC[0m
Started GET "/" for 127.0.0.1 at 2017-11-05 18:51:06 -0200
  [1m[35m (1.8ms)[0m  [1m[34mSELECT "schema_migrations"."version" FROM "schema_migrations" ORDER BY "schema_migrations"."version" ASC[0m
Processing by Rails::WelcomeController#index as HTML
  Rendering /home/oem/.rvm/gems/ruby-2.3.4/gems/railties-5.1.4/lib/rails/templates/rails/welcome/index.html.erb
  Rendered /home/oem/.rvm/gems/ruby-2.3.4/gems/railties-5.1.4/lib/rails/templates/rails/welcome/index.html.erb (7.8ms)
Completed 200 OK in 117ms (Views: 42.4ms | ActiveRecord: 0.0ms)


Started GET "/ators" for 127.0.0.1 at 2017-11-05 18:51:20 -0200
Processing by AtorsController#index as HTML
  Rendering ators/index.html.erb within layouts/application
  [1m[36mAtor Load (0.3ms)[0m  [1m[34mSELECT "ators".* FROM "ators"[0m
  Rendered ators/index.html.erb within layouts/application (9.8ms)
Completed 200 OK in 4380ms (Views: 4277.1ms | ActiveRecord: 2.1ms)


Started GET "/ators/new" for 127.0.0.1 at 2017-11-05 18:51:30 -0200
Processing by AtorsController#new as HTML
  Rendering ators/new.html.erb within layouts/application
  Rendered ators/_form.html.erb (172.7ms)
  Rendered ators/new.html.erb within layouts/application (176.1ms)
Completed 200 OK in 375ms (Views: 296.4ms | ActiveRecord: 1.3ms)


Started POST "/ators" for 127.0.0.1 at 2017-11-05 18:52:05 -0200
Processing by AtorsController#create as HTML
  Parameters: {"utf8"=>"✓", "authenticity_token"=>"MNrbViuZyKU2PL0IjQ8mvMfY04L9WQjTjZFH4fhzXp0cuAf7Bi25vMiLphq+l3WcG89su+nZPYg++RZLKlhwfg==", "ator"=>{"nome"=>"alax", "nome_artistico"=>"richard gere", "seguro_social"=>"987654321", "nacionalidade"=>"estdounidense", "idade"=>"55"}, "commit"=>"Create Ator"}
  [1m[35m (0.2ms)[0m  [1m[36mbegin transaction[0m
  [1m[35mSQL (2.9ms)[0m  [1m[32mINSERT INTO "ators" ("nome", "nome_artistico", "seguro_social", "nacionalidade", "idade", "created_at", "updated_at") VALUES (?, ?, ?, ?, ?, ?, ?)[0m  [["nome", "alax"], ["nome_artistico", "richard gere"], ["seguro_social", 987654321], ["nacionalidade", "estdounidense"], ["idade", "55"], ["created_at", "2017-11-05 20:52:05.987028"], ["updated_at", "2017-11-05 20:52:05.987028"]]
  [1m[35m (125.8ms)[0m  [1m[36mcommit transaction[0m
Redirected to http://localhost:3000/ators/1
Completed 302 Found in 145ms (ActiveRecord: 128.8ms)


Started GET "/ators/1" for 127.0.0.1 at 2017-11-05 18:52:06 -0200
Processing by AtorsController#show as HTML
  Parameters: {"id"=>"1"}
  [1m[36mAtor Load (0.5ms)[0m  [1m[34mSELECT  "ators".* FROM "ators" WHERE "ators"."id" = ? LIMIT ?[0m  [["id", 1], ["LIMIT", 1]]
  Rendering ators/show.html.erb within layouts/application
  Rendered ators/show.html.erb within layouts/application (5.3ms)
Completed 200 OK in 152ms (Views: 91.1ms | ActiveRecord: 0.5ms)


Started GET "/ators" for 127.0.0.1 at 2017-11-05 18:52:09 -0200
Processing by AtorsController#index as HTML
  Rendering ators/index.html.erb within layouts/application
  [1m[36mAtor Load (0.6ms)[0m  [1m[34mSELECT "ators".* FROM "ators"[0m
  Rendered ators/index.html.erb within layouts/application (5.8ms)
Completed 200 OK in 103ms (Views: 98.5ms | ActiveRecord: 0.6ms)


  [1m[35m (0.4ms)[0m  [1m[34mSELECT "schema_migrations"."version" FROM "schema_migrations" ORDER BY "schema_migrations"."version" ASC[0m
Migrating to AddFilmeToEstudio (20171105205537)
  [1m[35m (0.1ms)[0m  [1m[36mbegin transaction[0m
  [1m[35m (3.2ms)[0m  [1m[35mALTER TABLE "estudios" ADD "filme_id" integer[0m
  [1m[35m (0.3ms)[0m  [1m[34mSELECT sqlite_version(*)[0m
  [1m[35m (17.0ms)[0m  [1m[35mCREATE  INDEX "index_estudios_on_filme_id" ON "estudios" ("filme_id")[0m
  [1m[35mSQL (0.5ms)[0m  [1m[32mINSERT INTO "schema_migrations" ("version") VALUES (?)[0m  [["version", "20171105205537"]]
  [1m[35m (202.5ms)[0m  [1m[36mcommit transaction[0m
  [1m[36mActiveRecord::InternalMetadata Load (0.4ms)[0m  [1m[34mSELECT  "ar_internal_metadata".* FROM "ar_internal_metadata" WHERE "ar_internal_metadata"."key" = ? LIMIT ?[0m  [["key", "environment"], ["LIMIT", 1]]
  [1m[35m (0.1ms)[0m  [1m[36mbegin transaction[0m
  [1m[35m (0.1ms)[0m  [1m[36mcommit transaction[0m
  [1m[35m (0.3ms)[0m  [1m[34mSELECT "schema_migrations"."version" FROM "schema_migrations" ORDER BY "schema_migrations"."version" ASC[0m
  [1m[35m (0.3ms)[0m  [1m[34m            SELECT sql
            FROM sqlite_master
            WHERE name='index_estudios_on_filme_id' AND type='index'
            UNION ALL
            SELECT sql
            FROM sqlite_temp_master
            WHERE name='index_estudios_on_filme_id' AND type='index'
[0m
  [1m[35m (0.4ms)[0m  [1m[34mSELECT "schema_migrations"."version" FROM "schema_migrations" ORDER BY "schema_migrations"."version" ASC[0m
Migrating to AddPersonagemToFilme (20171105205639)
  [1m[35m (0.2ms)[0m  [1m[36mbegin transaction[0m
  [1m[35m (2.4ms)[0m  [1m[35mALTER TABLE "filmes" ADD "personagem_id" integer[0m
  [1m[35m (0.3ms)[0m  [1m[34mSELECT sqlite_version(*)[0m
  [1m[35m (0.3ms)[0m  [1m[35mCREATE  INDEX "index_filmes_on_personagem_id" ON "filmes" ("personagem_id")[0m
  [1m[35mSQL (0.4ms)[0m  [1m[32mINSERT INTO "schema_migrations" ("version") VALUES (?)[0m  [["version", "20171105205639"]]
  [1m[35m (104.6ms)[0m  [1m[36mcommit transaction[0m
Migrating to AddPersonagemToAtor (20171105205715)
  [1m[35m (0.2ms)[0m  [1m[36mbegin transaction[0m
  [1m[35m (0.7ms)[0m  [1m[35mALTER TABLE "ators" ADD "personagem_id" integer[0m
  [1m[35m (0.4ms)[0m  [1m[35mCREATE  INDEX "index_ators_on_personagem_id" ON "ators" ("personagem_id")[0m
  [1m[35mSQL (0.3ms)[0m  [1m[32mINSERT INTO "schema_migrations" ("version") VALUES (?)[0m  [["version", "20171105205715"]]
  [1m[35m (114.0ms)[0m  [1m[36mcommit transaction[0m
Migrating to AddPapelToAtor (20171105205739)
  [1m[35m (0.1ms)[0m  [1m[36mbegin transaction[0m
  [1m[35m (0.8ms)[0m  [1m[35mALTER TABLE "ators" ADD "papel_id" integer[0m
  [1m[35m (0.2ms)[0m  [1m[34m            SELECT sql
            FROM sqlite_master
            WHERE name='index_ators_on_personagem_id' AND type='index'
            UNION ALL
            SELECT sql
            FROM sqlite_temp_master
            WHERE name='index_ators_on_personagem_id' AND type='index'
[0m
  [1m[35m (0.8ms)[0m  [1m[35mCREATE  INDEX "index_ators_on_papel_id" ON "ators" ("papel_id")[0m
  [1m[35mSQL (0.3ms)[0m  [1m[32mINSERT INTO "schema_migrations" ("version") VALUES (?)[0m  [["version", "20171105205739"]]
  [1m[35m (111.9ms)[0m  [1m[36mcommit transaction[0m
  [1m[36mActiveRecord::InternalMetadata Load (0.5ms)[0m  [1m[34mSELECT  "ar_internal_metadata".* FROM "ar_internal_metadata" WHERE "ar_internal_metadata"."key" = ? LIMIT ?[0m  [["key", "environment"], ["LIMIT", 1]]
  [1m[35m (0.1ms)[0m  [1m[36mbegin transaction[0m
  [1m[35m (0.1ms)[0m  [1m[36mcommit transaction[0m
  [1m[35m (0.3ms)[0m  [1m[34mSELECT "schema_migrations"."version" FROM "schema_migrations" ORDER BY "schema_migrations"."version" ASC[0m
  [1m[35m (0.2ms)[0m  [1m[34m            SELECT sql
            FROM sqlite_master
            WHERE name='index_ators_on_papel_id' AND type='index'
            UNION ALL
            SELECT sql
            FROM sqlite_temp_master
            WHERE name='index_ators_on_papel_id' AND type='index'
[0m
  [1m[35m (0.3ms)[0m  [1m[34m            SELECT sql
            FROM sqlite_master
            WHERE name='index_ators_on_personagem_id' AND type='index'
            UNION ALL
            SELECT sql
            FROM sqlite_temp_master
            WHERE name='index_ators_on_personagem_id' AND type='index'
[0m
  [1m[35m (0.3ms)[0m  [1m[34m            SELECT sql
            FROM sqlite_master
            WHERE name='index_estudios_on_filme_id' AND type='index'
            UNION ALL
            SELECT sql
            FROM sqlite_temp_master
            WHERE name='index_estudios_on_filme_id' AND type='index'
[0m
  [1m[35m (0.4ms)[0m  [1m[34m            SELECT sql
            FROM sqlite_master
            WHERE name='index_filmes_on_personagem_id' AND type='index'
            UNION ALL
            SELECT sql
            FROM sqlite_temp_master
            WHERE name='index_filmes_on_personagem_id' AND type='index'
[0m
  [1m[35m (0.5ms)[0m  [1m[34mSELECT "schema_migrations"."version" FROM "schema_migrations" ORDER BY "schema_migrations"."version" ASC[0m
  [1m[36mActiveRecord::InternalMetadata Load (0.4ms)[0m  [1m[34mSELECT  "ar_internal_metadata".* FROM "ar_internal_metadata" WHERE "ar_internal_metadata"."key" = ? LIMIT ?[0m  [["key", "environment"], ["LIMIT", 1]]
  [1m[35m (0.1ms)[0m  [1m[36mbegin transaction[0m
  [1m[35m (0.1ms)[0m  [1m[36mcommit transaction[0m
  [1m[35m (0.3ms)[0m  [1m[34mSELECT "schema_migrations"."version" FROM "schema_migrations" ORDER BY "schema_migrations"."version" ASC[0m
  [1m[35m (0.2ms)[0m  [1m[34m            SELECT sql
            FROM sqlite_master
            WHERE name='index_ators_on_papel_id' AND type='index'
            UNION ALL
            SELECT sql
            FROM sqlite_temp_master
            WHERE name='index_ators_on_papel_id' AND type='index'
[0m
  [1m[35m (0.2ms)[0m  [1m[34m            SELECT sql
            FROM sqlite_master
            WHERE name='index_ators_on_personagem_id' AND type='index'
            UNION ALL
            SELECT sql
            FROM sqlite_temp_master
            WHERE name='index_ators_on_personagem_id' AND type='index'
[0m
  [1m[35m (0.2ms)[0m  [1m[34m            SELECT sql
            FROM sqlite_master
            WHERE name='index_estudios_on_filme_id' AND type='index'
            UNION ALL
            SELECT sql
            FROM sqlite_temp_master
            WHERE name='index_estudios_on_filme_id' AND type='index'
[0m
  [1m[35m (0.2ms)[0m  [1m[34m            SELECT sql
            FROM sqlite_master
            WHERE name='index_filmes_on_personagem_id' AND type='index'
            UNION ALL
            SELECT sql
            FROM sqlite_temp_master
            WHERE name='index_filmes_on_personagem_id' AND type='index'
[0m
Started GET "/" for 127.0.0.1 at 2017-11-05 19:07:40 -0200
  [1m[35m (0.4ms)[0m  [1m[34mSELECT "schema_migrations"."version" FROM "schema_migrations" ORDER BY "schema_migrations"."version" ASC[0m
Processing by Rails::WelcomeController#index as HTML
  Rendering /home/oem/.rvm/gems/ruby-2.3.4/gems/railties-5.1.4/lib/rails/templates/rails/welcome/index.html.erb
  Rendered /home/oem/.rvm/gems/ruby-2.3.4/gems/railties-5.1.4/lib/rails/templates/rails/welcome/index.html.erb (18.5ms)
Completed 200 OK in 91ms (Views: 41.2ms | ActiveRecord: 0.0ms)


Started GET "/filmes" for 127.0.0.1 at 2017-11-05 19:07:44 -0200
Processing by FilmesController#index as HTML
  Rendering filmes/index.html.erb within layouts/application
  [1m[36mFilme Load (0.7ms)[0m  [1m[34mSELECT "filmes".* FROM "filmes"[0m
  Rendered filmes/index.html.erb within layouts/application (27.6ms)
Completed 200 OK in 986ms (Views: 716.3ms | ActiveRecord: 3.4ms)


Started GET "/filmes/new" for 127.0.0.1 at 2017-11-05 19:07:51 -0200
Processing by FilmesController#new as HTML
  Rendering filmes/new.html.erb within layouts/application
  Rendered filmes/_form.html.erb (171.6ms)
  Rendered filmes/new.html.erb within layouts/application (174.1ms)
Completed 500 Internal Server Error in 291ms (ActiveRecord: 1.4ms)


  
ActionView::Template::Error (wrong number of arguments (given 10, expected 5..7)):
    18: 
    19:   <div class="field">
    20:     <%= form.label :estudio %>
    21:     <%= collection_select(:filme, :estudio_id, Estudio.all, :id, :nome, :meses_producao, :copyright, :diretor, :custo_total, :ano_lancamento)%>
    22:   </div>
    23: 
    24:   <div class="field">
  
app/views/filmes/_form.html.erb:21:in `block in _app_views_filmes__form_html_erb__2621318232600475132_70212931873220'
app/views/filmes/_form.html.erb:1:in `_app_views_filmes__form_html_erb__2621318232600475132_70212931873220'
app/views/filmes/new.html.erb:3:in `_app_views_filmes_new_html_erb__1887498136910195122_70212932155920'
Started GET "/filmes/new" for 127.0.0.1 at 2017-11-05 19:10:29 -0200
Processing by FilmesController#new as HTML
  Rendering filmes/new.html.erb within layouts/application
  Rendered filmes/_form.html.erb (71.7ms)
  Rendered filmes/new.html.erb within layouts/application (74.0ms)
Completed 500 Internal Server Error in 113ms (ActiveRecord: 3.0ms)


  
ActionView::Template::Error (undefined method `estudio_id' for #<Filme:0x007fb7789d80c8>
Did you mean?  estudio
               estudio=):
    13: 
    14:   <div class="field">
    15:     <%= form.label :estudio %>
    16:     <%= collection_select(:filme, :estudio_id, Estudio.all, :id, :nome)%>
    17:   </div>
    18: 
    19:   <div class="field">
  
app/views/filmes/_form.html.erb:16:in `block in _app_views_filmes__form_html_erb__2621318232600475132_70212989825900'
app/views/filmes/_form.html.erb:1:in `_app_views_filmes__form_html_erb__2621318232600475132_70212989825900'
app/views/filmes/new.html.erb:3:in `_app_views_filmes_new_html_erb__1887498136910195122_70212989808200'
Started GET "/filmes/new" for 127.0.0.1 at 2017-11-05 19:12:59 -0200
Processing by FilmesController#new as HTML
  Rendering filmes/new.html.erb within layouts/application
  Rendered filmes/_form.html.erb (32.2ms)
  Rendered filmes/new.html.erb within layouts/application (34.7ms)
Completed 200 OK in 106ms (Views: 102.0ms | ActiveRecord: 0.0ms)


Started GET "/filmes/new" for 127.0.0.1 at 2017-11-05 19:14:52 -0200
Processing by FilmesController#new as HTML
  Rendering filmes/new.html.erb within layouts/application
  Rendered filmes/_form.html.erb (38.6ms)
  Rendered filmes/new.html.erb within layouts/application (41.7ms)
Completed 500 Internal Server Error in 49ms (ActiveRecord: 0.0ms)


  
ActionView::Template::Error (undefined method `estudio_id' for #<Filme:0x007fb771a70690>
Did you mean?  estudio
               estudio=):
    12:   <% end %>
    13:   <div class="field">
    14:     <%= form.label :estudio %>
    15:     <%= collection_select(:filme, :estudio_id, Estudio.all, :id, :nome)%>
    16:   </div>
    17: 
    18:   <div class="field">
  
app/views/filmes/_form.html.erb:15:in `block in _app_views_filmes__form_html_erb__2621318232600475132_70212931029880'
app/views/filmes/_form.html.erb:1:in `_app_views_filmes__form_html_erb__2621318232600475132_70212931029880'
app/views/filmes/new.html.erb:3:in `_app_views_filmes_new_html_erb__1887498136910195122_70212931233060'
Started GET "/filmes" for 127.0.0.1 at 2017-11-05 19:15:58 -0200
Processing by FilmesController#index as HTML
  Rendering filmes/index.html.erb within layouts/application
  [1m[36mFilme Load (0.5ms)[0m  [1m[34mSELECT "filmes".* FROM "filmes"[0m
  Rendered filmes/index.html.erb within layouts/application (3.3ms)
Completed 200 OK in 79ms (Views: 76.7ms | ActiveRecord: 0.5ms)


Started GET "/filmes/new" for 127.0.0.1 at 2017-11-05 19:16:02 -0200
Processing by FilmesController#new as HTML
  Rendering filmes/new.html.erb within layouts/application
  Rendered filmes/_form.html.erb (45.8ms)
  Rendered filmes/new.html.erb within layouts/application (48.3ms)
Completed 500 Internal Server Error in 59ms (ActiveRecord: 0.0ms)


  
ActionView::Template::Error (undefined method `estudio_id' for #<Filme:0x007fb771f64a48>
Did you mean?  estudio
               estudio=):
    12:   <% end %>
    13:   <div class="field">
    14:     <%= form.label :estudio %>
    15:     <%= collection_select(:filme, :estudio_id, Estudio.all, :id, :nome)%>
    16:   </div>
    17: 
    18:   <div class="field">
  
app/views/filmes/_form.html.erb:15:in `block in _app_views_filmes__form_html_erb__2621318232600475132_70212933755580'
app/views/filmes/_form.html.erb:1:in `_app_views_filmes__form_html_erb__2621318232600475132_70212933755580'
app/views/filmes/new.html.erb:3:in `_app_views_filmes_new_html_erb__1887498136910195122_70212933809860'
Started GET "/filmes/new" for 127.0.0.1 at 2017-11-05 19:16:27 -0200
Processing by FilmesController#new as HTML
  Rendering filmes/new.html.erb within layouts/application
  Rendered filmes/_form.html.erb (10.6ms)
  Rendered filmes/new.html.erb within layouts/application (13.8ms)
Completed 500 Internal Server Error in 22ms (ActiveRecord: 0.0ms)


  
ActionView::Template::Error (undefined method `' for #<Filme:0x007fb778845df0>):
    12:   <% end %>
    13:   <div class="field">
    14:     <%= form.label :estudio %>
    15:     <%= collection_select(:filme, @estudio_id, Estudio.all, :id, :nome)%>
    16:   </div>
    17: 
    18:   <div class="field">
  
app/views/filmes/_form.html.erb:15:in `block in _app_views_filmes__form_html_erb__2621318232600475132_70212987775100'
app/views/filmes/_form.html.erb:1:in `_app_views_filmes__form_html_erb__2621318232600475132_70212987775100'
app/views/filmes/new.html.erb:3:in `_app_views_filmes_new_html_erb__1887498136910195122_70212988838000'
Started GET "/filmes/new" for 127.0.0.1 at 2017-11-05 19:20:38 -0200
Processing by FilmesController#new as HTML
  Rendering filmes/new.html.erb within layouts/application
  Rendered filmes/_form.html.erb (33.4ms)
  Rendered filmes/new.html.erb within layouts/application (36.0ms)
Completed 500 Internal Server Error in 86ms (ActiveRecord: 3.0ms)


  
ActionView::Template::Error (undefined method `estudio_id' for #<Filme:0x007fb7788564c0>
Did you mean?  Estudio
               Estudio=):
    12:   <% end %>
    13:   <div class="field">
    14:     <%= form.label :estudio %>
    15:     <%= collection_select(:filme, :estudio_id, Estudio.all, :id, :nome) %>
    16:   </div>
    17: 
    18:   <div class="field">
  
app/views/filmes/_form.html.erb:15:in `block in _app_views_filmes__form_html_erb__2621318232600475132_70212822112960'
app/views/filmes/_form.html.erb:1:in `_app_views_filmes__form_html_erb__2621318232600475132_70212822112960'
app/views/filmes/new.html.erb:3:in `_app_views_filmes_new_html_erb__1887498136910195122_70212822192660'
Started GET "/filmes/new" for 127.0.0.1 at 2017-11-05 19:23:47 -0200
Processing by FilmesController#new as HTML
  Rendering filmes/new.html.erb within layouts/application
  Rendered filmes/_form.html.erb (10.1ms)
  Rendered filmes/new.html.erb within layouts/application (12.5ms)
Completed 200 OK in 88ms (Views: 84.0ms | ActiveRecord: 0.0ms)


Started GET "/filmes" for 127.0.0.1 at 2017-11-05 19:23:52 -0200
Processing by FilmesController#index as HTML
  Rendering filmes/index.html.erb within layouts/application
  [1m[36mFilme Load (0.4ms)[0m  [1m[34mSELECT "filmes".* FROM "filmes"[0m
  Rendered filmes/index.html.erb within layouts/application (4.1ms)
Completed 200 OK in 85ms (Views: 81.0ms | ActiveRecord: 0.4ms)


Started GET "/estudios" for 127.0.0.1 at 2017-11-05 19:23:58 -0200
Processing by EstudiosController#index as HTML
  Rendering estudios/index.html.erb within layouts/application
  [1m[36mEstudio Load (48.8ms)[0m  [1m[34mSELECT "estudios".* FROM "estudios"[0m
  Rendered estudios/index.html.erb within layouts/application (54.8ms)
Completed 200 OK in 163ms (Views: 108.7ms | ActiveRecord: 49.4ms)


Started GET "/personagems" for 127.0.0.1 at 2017-11-05 19:24:09 -0200
Processing by PersonagemsController#index as HTML
  Rendering personagems/index.html.erb within layouts/application
  [1m[36mPersonagem Load (0.4ms)[0m  [1m[34mSELECT "personagems".* FROM "personagems"[0m
  Rendered personagems/index.html.erb within layouts/application (6.1ms)
Completed 200 OK in 136ms (Views: 86.8ms | ActiveRecord: 1.0ms)


Started GET "/papels" for 127.0.0.1 at 2017-11-05 19:24:19 -0200
Processing by PapelsController#index as HTML
  Rendering papels/index.html.erb within layouts/application
  [1m[36mPapel Load (0.4ms)[0m  [1m[34mSELECT "papels".* FROM "papels"[0m
  Rendered papels/index.html.erb within layouts/application (7.1ms)
Completed 200 OK in 157ms (Views: 102.9ms | ActiveRecord: 1.1ms)


Started GET "/papels/new" for 127.0.0.1 at 2017-11-05 19:24:22 -0200
Processing by PapelsController#new as HTML
  Rendering papels/new.html.erb within layouts/application
  Rendered papels/_form.html.erb (88.2ms)
  Rendered papels/new.html.erb within layouts/application (107.4ms)
Completed 200 OK in 234ms (Views: 189.2ms | ActiveRecord: 0.7ms)


Started GET "/papels" for 127.0.0.1 at 2017-11-05 19:24:24 -0200
Processing by PapelsController#index as HTML
  Rendering papels/index.html.erb within layouts/application
  [1m[36mPapel Load (0.5ms)[0m  [1m[34mSELECT "papels".* FROM "papels"[0m
  Rendered papels/index.html.erb within layouts/application (4.3ms)
Completed 200 OK in 108ms (Views: 102.7ms | ActiveRecord: 0.5ms)


Started GET "/omeh" for 127.0.0.1 at 2017-11-05 19:24:30 -0200
  
ActionController::RoutingError (No route matches [GET] "/omeh"):
  
actionpack (5.1.4) lib/action_dispatch/middleware/debug_exceptions.rb:63:in `call'
web-console (3.5.1) lib/web_console/middleware.rb:135:in `call_app'
web-console (3.5.1) lib/web_console/middleware.rb:28:in `block in call'
web-console (3.5.1) lib/web_console/middleware.rb:18:in `catch'
web-console (3.5.1) lib/web_console/middleware.rb:18:in `call'
actionpack (5.1.4) lib/action_dispatch/middleware/show_exceptions.rb:31:in `call'
railties (5.1.4) lib/rails/rack/logger.rb:36:in `call_app'
railties (5.1.4) lib/rails/rack/logger.rb:24:in `block in call'
activesupport (5.1.4) lib/active_support/tagged_logging.rb:69:in `block in tagged'
activesupport (5.1.4) lib/active_support/tagged_logging.rb:26:in `tagged'
activesupport (5.1.4) lib/active_support/tagged_logging.rb:69:in `tagged'
railties (5.1.4) lib/rails/rack/logger.rb:24:in `call'
sprockets-rails (3.2.1) lib/sprockets/rails/quiet_assets.rb:13:in `call'
actionpack (5.1.4) lib/action_dispatch/middleware/remote_ip.rb:79:in `call'
actionpack (5.1.4) lib/action_dispatch/middleware/request_id.rb:25:in `call'
rack (2.0.3) lib/rack/method_override.rb:22:in `call'
rack (2.0.3) lib/rack/runtime.rb:22:in `call'
activesupport (5.1.4) lib/active_support/cache/strategy/local_cache_middleware.rb:27:in `call'
actionpack (5.1.4) lib/action_dispatch/middleware/executor.rb:12:in `call'
actionpack (5.1.4) lib/action_dispatch/middleware/static.rb:125:in `call'
rack (2.0.3) lib/rack/sendfile.rb:111:in `call'
railties (5.1.4) lib/rails/engine.rb:522:in `call'
puma (3.10.0) lib/puma/configuration.rb:225:in `call'
puma (3.10.0) lib/puma/server.rb:605:in `handle_request'
puma (3.10.0) lib/puma/server.rb:437:in `process_client'
puma (3.10.0) lib/puma/server.rb:301:in `block in run'
puma (3.10.0) lib/puma/thread_pool.rb:120:in `block in spawn_thread'
Started GET "/estudios" for 127.0.0.1 at 2017-11-05 19:24:37 -0200
Processing by EstudiosController#index as HTML
  Rendering estudios/index.html.erb within layouts/application
  [1m[36mEstudio Load (0.7ms)[0m  [1m[34mSELECT "estudios".* FROM "estudios"[0m
  Rendered estudios/index.html.erb within layouts/application (5.5ms)
Completed 200 OK in 67ms (Views: 63.6ms | ActiveRecord: 0.7ms)


Started GET "/filmes" for 127.0.0.1 at 2017-11-05 19:31:41 -0200
Started GET "/filmes" for 127.0.0.1 at 2017-11-05 19:31:41 -0200
  [1m[35m (0.5ms)[0m  [1m[34mSELECT "schema_migrations"."version" FROM "schema_migrations" ORDER BY "schema_migrations"."version" ASC[0m
  [1m[35m (0.4ms)[0m  [1m[34mSELECT "schema_migrations"."version" FROM "schema_migrations" ORDER BY "schema_migrations"."version" ASC[0m
Processing by FilmesController#index as HTML
Processing by FilmesController#index as HTML
  Rendering filmes/index.html.erb within layouts/application
  Rendering filmes/index.html.erb within layouts/application
  [1m[36mFilme Load (0.4ms)[0m  [1m[34mSELECT "filmes".* FROM "filmes"[0m
  [1m[36mFilme Load (0.3ms)[0m  [1m[34mSELECT "filmes".* FROM "filmes"[0m
  Rendered filmes/index.html.erb within layouts/application (22.6ms)
  Rendered filmes/index.html.erb within layouts/application (18.7ms)
Completed 200 OK in 1372ms (Views: 1325.5ms | ActiveRecord: 1.0ms)


Completed 200 OK in 1358ms (Views: 1331.4ms | ActiveRecord: 0.3ms)


Started GET "/filmes" for 127.0.0.1 at 2017-11-05 19:34:19 -0200
Processing by FilmesController#index as HTML
Started GET "/filmes/new" for 127.0.0.1 at 2017-11-05 19:34:29 -0200
  Rendering filmes/index.html.erb within layouts/application
  [1m[36mFilme Load (0.5ms)[0m  [1m[34mSELECT "filmes".* FROM "filmes"[0m
  Rendered filmes/index.html.erb within layouts/application (10.5ms)
Completed 200 OK in 203ms (Views: 172.4ms | ActiveRecord: 2.5ms)


Processing by FilmesController#new as HTML
  Rendering filmes/new.html.erb within layouts/application
  Rendered filmes/_form.html.erb (161.4ms)
  Rendered filmes/new.html.erb within layouts/application (164.9ms)
Completed 500 Internal Server Error in 252ms (ActiveRecord: 7.7ms)


  
ActionView::Template::Error (undefined method `estudio_id' for #<Filme:0x007f8f6600d118>
Did you mean?  Estudio
               Estudio=):
    13: 
    14:   <div class="field">
    15:     <%= form.label :estudio %>
    16:     <%= collection_select(:filme, :estudio_id, Estudio.all, :id, :nome) %>
    17:   </div>
    18: 
    19:   <div class="field">
  
app/views/filmes/_form.html.erb:16:in `block in _app_views_filmes__form_html_erb___1283941535567465636_70126934611320'
app/views/filmes/_form.html.erb:1:in `_app_views_filmes__form_html_erb___1283941535567465636_70126934611320'
app/views/filmes/new.html.erb:3:in `_app_views_filmes_new_html_erb__1701144931692406382_70126934548840'
Started GET "/filmes/new" for 127.0.0.1 at 2017-11-05 19:34:40 -0200
Processing by FilmesController#new as HTML
  Rendering filmes/new.html.erb within layouts/application
  Rendered filmes/_form.html.erb (28.1ms)
  Rendered filmes/new.html.erb within layouts/application (32.3ms)
Completed 500 Internal Server Error in 41ms (ActiveRecord: 0.0ms)


  
ActionView::Template::Error (undefined method `estudio_id' for #<Filme:0x007f8f5c0291d8>
Did you mean?  Estudio
               Estudio=):
    13: 
    14:   <div class="field">
    15:     <%= form.label :estudio %>
    16:     <%= collection_select(:filme, :estudio_id, Estudio.all, :id, :nome) %>
    17:   </div>
    18: 
    19:   <div class="field">
  
app/views/filmes/_form.html.erb:16:in `block in _app_views_filmes__form_html_erb___1283941535567465636_70126867396260'
app/views/filmes/_form.html.erb:1:in `_app_views_filmes__form_html_erb___1283941535567465636_70126867396260'
app/views/filmes/new.html.erb:3:in `_app_views_filmes_new_html_erb__1701144931692406382_70126933392860'
Started GET "/filmes/new" for 127.0.0.1 at 2017-11-05 19:35:32 -0200
Processing by FilmesController#new as HTML
  Rendering filmes/new.html.erb within layouts/application
  Rendered filmes/_form.html.erb (30.0ms)
  Rendered filmes/new.html.erb within layouts/application (32.1ms)
Completed 200 OK in 136ms (Views: 92.5ms | ActiveRecord: 2.9ms)


Started GET "/filmes/new" for 127.0.0.1 at 2017-11-05 19:45:48 -0200
Processing by FilmesController#new as HTML
  Rendering filmes/new.html.erb within layouts/application
  Rendered filmes/_form.html.erb (12.2ms)
  Rendered filmes/new.html.erb within layouts/application (15.2ms)
Completed 200 OK in 107ms (Views: 104.1ms | ActiveRecord: 0.0ms)


Started GET "/estudios" for 127.0.0.1 at 2017-11-05 19:45:53 -0200
Processing by EstudiosController#index as HTML
  Rendering estudios/index.html.erb within layouts/application
  [1m[36mEstudio Load (0.4ms)[0m  [1m[34mSELECT "estudios".* FROM "estudios"[0m
  Rendered estudios/index.html.erb within layouts/application (15.2ms)
Completed 200 OK in 101ms (Views: 84.7ms | ActiveRecord: 1.3ms)


Started GET "/filmes" for 127.0.0.1 at 2017-11-05 19:45:55 -0200
Processing by FilmesController#index as HTML
  Rendering filmes/index.html.erb within layouts/application
  [1m[36mFilme Load (1.9ms)[0m  [1m[34mSELECT "filmes".* FROM "filmes"[0m
  Rendered filmes/index.html.erb within layouts/application (7.7ms)
Completed 200 OK in 94ms (Views: 89.6ms | ActiveRecord: 1.9ms)


Started GET "/ators" for 127.0.0.1 at 2017-11-05 19:45:56 -0200
Processing by AtorsController#index as HTML
Completed 500 Internal Server Error in 9ms (ActiveRecord: 0.0ms)


  
NoMethodError (undefined method `has_many' for main:Object):
  
app/models/ator.rb:2:in `<top (required)>'
app/controllers/ators_controller.rb:7:in `index'
Started GET "/ators" for 127.0.0.1 at 2017-11-05 19:46:53 -0200
Processing by AtorsController#index as HTML
  Rendering ators/index.html.erb within layouts/application
  [1m[36mAtor Load (0.6ms)[0m  [1m[34mSELECT "ators".* FROM "ators"[0m
  Rendered ators/index.html.erb within layouts/application (62.1ms)
Completed 200 OK in 164ms (Views: 138.4ms | ActiveRecord: 3.5ms)


Started GET "/personagems" for 127.0.0.1 at 2017-11-05 19:47:06 -0200
Processing by PersonagemsController#index as HTML
  Rendering personagems/index.html.erb within layouts/application
  [1m[36mPersonagem Load (0.8ms)[0m  [1m[34mSELECT "personagems".* FROM "personagems"[0m
  Rendered personagems/index.html.erb within layouts/application (9.5ms)
Completed 200 OK in 91ms (Views: 81.9ms | ActiveRecord: 2.2ms)


Started GET "/papels" for 127.0.0.1 at 2017-11-05 19:47:07 -0200
Processing by PapelsController#index as HTML
  Rendering papels/index.html.erb within layouts/application
  [1m[36mPapel Load (0.8ms)[0m  [1m[34mSELECT "papels".* FROM "papels"[0m
  Rendered papels/index.html.erb within layouts/application (8.6ms)
Completed 200 OK in 85ms (Views: 74.6ms | ActiveRecord: 1.6ms)


